<?xml version="1.0" encoding="UTF-8"?>
<!-- Generated by org.testng.reporters.JUnitReportReporter -->
<testsuite hostname="archlinux" failures="0" tests="4" name="YahooLoginPageTests" time="54.714" errors="0" timestamp="2023-04-18T17:14:46 ALMT" skipped="0">
  <testcase classname="YahooLoginPageTests" name="loginInvalidUserNameTest" time="6.251"/>
  <system-out/>
  <testcase classname="YahooLoginPageTests" name="loginInvalidPasswordTest" time="12.126"/>
  <system-out/>
  <testcase classname="YahooLoginPageTests" name="yahooLoginValidUserTest" time="30.846"/>
  <system-out/>
  <testcase classname="YahooLoginPageTests" name="loginInvalidUserNameTest" time="5.491"/>
  <system-out/>
</testsuite> <!-- YahooLoginPageTests -->
