<?xml version="1.0" encoding="UTF-8"?>
<!-- Generated by org.testng.reporters.JUnitReportReporter -->
<testsuite hostname="archlinux" failures="0" tests="3" name="EmailContentsIntegrityFromProtonToYahooTest" time="0.636" errors="0" timestamp="2023-04-18T17:14:46 ALMT" skipped="0">
  <testcase classname="EmailContentsIntegrityFromProtonToYahooTest" name="messageBodyIntegrityTest" time="0.535"/>
  <system-out/>
  <testcase classname="EmailContentsIntegrityFromProtonToYahooTest" name="messageSenderTest" time="0.074"/>
  <system-out/>
  <testcase classname="EmailContentsIntegrityFromProtonToYahooTest" name="messageUnreadTest" time="0.027"/>
  <system-out/>
</testsuite> <!-- EmailContentsIntegrityFromProtonToYahooTest -->
